01-16 15:32:09 com_github_MitjaNemec_ReplicateLayout.action_replicate_layout 392:Plugin executed on: 'win32'
01-16 15:32:09 com_github_MitjaNemec_ReplicateLayout.action_replicate_layout 393:Plugin executed with python version: '3.11.5 (main, Aug 14 2024, 05:26:19) [MSC v.1939 64 bit (AMD64)]'
01-16 15:32:09 com_github_MitjaNemec_ReplicateLayout.action_replicate_layout 394:KiCad build version: 8.0.5
01-16 15:32:09 com_github_MitjaNemec_ReplicateLayout.action_replicate_layout 395:Plugin version: 3.0.3
01-16 15:32:09 com_github_MitjaNemec_ReplicateLayout.action_replicate_layout 396:Frame repr: <wx._core.Frame object at 0x00000150E49A9510>
01-16 15:32:09 com_github_MitjaNemec_ReplicateLayout.action_replicate_layout 420:Preparing replicator with Q23 as a reference
01-16 15:32:09 com_github_MitjaNemec_ReplicateLayout.replicate_layout 117:getting a list of all footprints on board
01-16 15:32:09 com_github_MitjaNemec_ReplicateLayout.action_replicate_layout 468:source anchor footprint is 'Q23'
Located on: ['Solar Charger', 'I2C Single Protection4']
With filenames: ['SolarCharger.kicad_sch', 'I2CSingleProtection.kicad_sch']
With sheet_id:['Solar Charger', 'I2C Single Protection4']
01-16 15:32:09 com_github_MitjaNemec_ReplicateLayout.action_replicate_layout 475:Corresponding footprints are 
[('Q21', ['Light Sensor', 'I2C Single Protection3']), ('Q7', ['Coil Driver', 'I2C Single Protection']), ('Q23', ['Solar Charger', 'I2C Single Protection4']), ('Q19', ['Light Sensor', 'I2C Single Protection2']), ('Q25', ['Solar Charger', 'I2C Single Protection5']), ('Q17', ['Coil Driver', 'I2C Single Protection1'])]
01-16 15:32:09 com_github_MitjaNemec_ReplicateLayout.action_replicate_layout 487:Showing dialog
01-16 15:32:10 com_github_MitjaNemec_ReplicateLayout.replicate_layout 472:constructing a list of sheets suitable for replication on level:'I2C Single Protection4', file:'I2CSingleProtection.kicad_sch'
01-16 15:32:10 com_github_MitjaNemec_ReplicateLayout.replicate_layout 509:suitable sheets are:[['Coil Driver', 'I2C Single Protection'], ['Coil Driver', 'I2C Single Protection1'], ['Light Sensor', 'I2C Single Protection2'], ['Light Sensor', 'I2C Single Protection3'], ['Solar Charger', 'I2C Single Protection5']]
01-16 15:32:10 com_github_MitjaNemec_ReplicateLayout.replicate_layout 1507:Level selected: ['Solar Charger', 'I2C Single Protection4']
01-16 15:32:10 com_github_MitjaNemec_ReplicateLayout.replicate_layout 1331:Filtering list of tracks
01-16 15:32:10 com_github_MitjaNemec_ReplicateLayout.action_replicate_layout 493:Toolbar position: wx.Point(1876, 98)
01-16 15:32:10 com_github_MitjaNemec_ReplicateLayout.action_replicate_layout 498:Dialog position: wx.Point(1437, 98)
01-16 15:32:16 com_github_MitjaNemec_ReplicateLayout.replicate_layout 472:constructing a list of sheets suitable for replication on level:'I2C Single Protection4', file:'I2CSingleProtection.kicad_sch'
01-16 15:32:16 com_github_MitjaNemec_ReplicateLayout.replicate_layout 509:suitable sheets are:[['Coil Driver', 'I2C Single Protection'], ['Coil Driver', 'I2C Single Protection1'], ['Light Sensor', 'I2C Single Protection2'], ['Light Sensor', 'I2C Single Protection3'], ['Solar Charger', 'I2C Single Protection5']]
01-16 15:32:16 com_github_MitjaNemec_ReplicateLayout.replicate_layout 1507:Level selected: ['Solar Charger', 'I2C Single Protection4']
01-16 15:32:16 com_github_MitjaNemec_ReplicateLayout.replicate_layout 1331:Filtering list of tracks
01-16 15:32:17 com_github_MitjaNemec_ReplicateLayout.replicate_layout 472:constructing a list of sheets suitable for replication on level:'I2C Single Protection4', file:'I2CSingleProtection.kicad_sch'
01-16 15:32:17 com_github_MitjaNemec_ReplicateLayout.replicate_layout 509:suitable sheets are:[['Coil Driver', 'I2C Single Protection'], ['Coil Driver', 'I2C Single Protection1'], ['Light Sensor', 'I2C Single Protection2'], ['Light Sensor', 'I2C Single Protection3'], ['Solar Charger', 'I2C Single Protection5']]
01-16 15:32:17 com_github_MitjaNemec_ReplicateLayout.replicate_layout 1507:Level selected: ['Solar Charger', 'I2C Single Protection4']
01-16 15:32:17 com_github_MitjaNemec_ReplicateLayout.replicate_layout 1331:Filtering list of tracks
01-16 15:32:18 com_github_MitjaNemec_ReplicateLayout.replicate_layout 472:constructing a list of sheets suitable for replication on level:'I2C Single Protection4', file:'I2CSingleProtection.kicad_sch'
01-16 15:32:18 com_github_MitjaNemec_ReplicateLayout.replicate_layout 509:suitable sheets are:[['Coil Driver', 'I2C Single Protection'], ['Coil Driver', 'I2C Single Protection1'], ['Light Sensor', 'I2C Single Protection2'], ['Light Sensor', 'I2C Single Protection3'], ['Solar Charger', 'I2C Single Protection5']]
01-16 15:32:18 com_github_MitjaNemec_ReplicateLayout.action_replicate_layout 240:Replicating layout
01-16 15:32:18 com_github_MitjaNemec_ReplicateLayout.replicate_layout 288:Starting replication of sheets: [['Coil Driver', 'I2C Single Protection'], ['Coil Driver', 'I2C Single Protection1'], ['Light Sensor', 'I2C Single Protection2'], ['Light Sensor', 'I2C Single Protection3'], ['Solar Charger', 'I2C Single Protection5']]
on level: ['Solar Charger', 'I2C Single Protection4']
with tracks=True, zone=True, text=False, text=False, intersecting=False, remove=False, locked footprints=False, group_only=False
01-16 15:32:18 root 332:updating GUI message: 'Preparing for replication'
01-16 15:32:18 root 337:updating GUI with: 0
01-16 15:32:18 com_github_MitjaNemec_ReplicateLayout.replicate_layout 358:Getting the list of source footprints
01-16 15:32:18 root 337:updating GUI with: 0
01-16 15:32:18 com_github_MitjaNemec_ReplicateLayout.replicate_layout 368:Getting the list of all the remaining footprints
01-16 15:32:18 com_github_MitjaNemec_ReplicateLayout.replicate_layout 375:Getting source tracks
01-16 15:32:18 com_github_MitjaNemec_ReplicateLayout.replicate_layout 1331:Filtering list of tracks
01-16 15:32:18 com_github_MitjaNemec_ReplicateLayout.replicate_layout 379:Getting source zones
01-16 15:32:18 root 337:updating GUI with: 50
01-16 15:32:18 com_github_MitjaNemec_ReplicateLayout.replicate_layout 383:Getting source text items
01-16 15:32:18 com_github_MitjaNemec_ReplicateLayout.replicate_layout 387:Getting source drawing items
01-16 15:32:18 root 332:updating GUI message: 'Replicating footprints'
01-16 15:32:18 root 337:updating GUI with: 0
01-16 15:32:18 com_github_MitjaNemec_ReplicateLayout.replicate_layout 861:Replicating footprints
01-16 15:32:18 com_github_MitjaNemec_ReplicateLayout.replicate_layout 868:Replicating footprints on sheet ['Coil Driver', 'I2C Single Protection']
01-16 15:32:18 com_github_MitjaNemec_ReplicateLayout.replicate_layout 985:Src text UUid:c6ab7bf5-a35e-4dc3-abd4-69016a0d310a
01-16 15:32:18 com_github_MitjaNemec_ReplicateLayout.replicate_layout 986:Dst text UUid:11479fde-0c91-45a9-8b22-06832766e358
01-16 15:32:18 com_github_MitjaNemec_ReplicateLayout.replicate_layout 985:Src text UUid:d4adfd30-18e6-40cc-a3c2-77cc4039b702
01-16 15:32:18 com_github_MitjaNemec_ReplicateLayout.replicate_layout 986:Dst text UUid:14b938ad-6fde-4623-85b8-f400d43eed30
01-16 15:32:18 com_github_MitjaNemec_ReplicateLayout.replicate_layout 985:Src text UUid:6048b3a1-adb6-4a83-9f3d-0c49b54e9e92
01-16 15:32:18 com_github_MitjaNemec_ReplicateLayout.replicate_layout 986:Dst text UUid:080b3ee4-ae45-42bd-91b8-64dc799c35ce
01-16 15:32:18 com_github_MitjaNemec_ReplicateLayout.replicate_layout 985:Src text UUid:f61660fd-1bb7-4050-a4a1-7d2be28e3cd8
01-16 15:32:18 com_github_MitjaNemec_ReplicateLayout.replicate_layout 986:Dst text UUid:c81c86d2-e2ac-437d-b7ef-926fb2ae081b
01-16 15:32:18 com_github_MitjaNemec_ReplicateLayout.replicate_layout 985:Src text UUid:99e889f6-3324-483f-8df5-b9f03ae208f0
01-16 15:32:18 com_github_MitjaNemec_ReplicateLayout.replicate_layout 986:Dst text UUid:4b73dc9f-6192-4c49-9009-a411ba1a804c
01-16 15:32:18 com_github_MitjaNemec_ReplicateLayout.replicate_layout 985:Src text UUid:096459c8-dfe0-40fd-9e19-143efdfd40fa
01-16 15:32:18 com_github_MitjaNemec_ReplicateLayout.replicate_layout 986:Dst text UUid:400f783e-673e-4f9d-ad2d-6572b95b37be
01-16 15:32:18 com_github_MitjaNemec_ReplicateLayout.replicate_layout 985:Src text UUid:dbd12ac9-ae5b-4ee3-bb17-a03245dfe30f
01-16 15:32:18 com_github_MitjaNemec_ReplicateLayout.replicate_layout 986:Dst text UUid:d89c16f9-a0fb-4383-b73a-d32a830be44b
01-16 15:32:18 com_github_MitjaNemec_ReplicateLayout.replicate_layout 985:Src text UUid:38fa8930-4e7d-46c0-9b9c-0d1c1b6dc6a9
01-16 15:32:18 com_github_MitjaNemec_ReplicateLayout.replicate_layout 986:Dst text UUid:bc73375d-a634-479f-887b-c89feb9f9541
01-16 15:32:18 com_github_MitjaNemec_ReplicateLayout.replicate_layout 985:Src text UUid:cc1d39ac-1241-4574-b4ef-33f97a450ce1
01-16 15:32:18 com_github_MitjaNemec_ReplicateLayout.replicate_layout 986:Dst text UUid:99c3f67b-c6bc-4631-9c60-0677b3d0baf3
01-16 15:32:18 com_github_MitjaNemec_ReplicateLayout.replicate_layout 985:Src text UUid:8d899853-a8f8-44d9-a71e-5085833a3f3b
01-16 15:32:18 com_github_MitjaNemec_ReplicateLayout.replicate_layout 986:Dst text UUid:0ccd2347-a309-4f8d-a289-4456a1abeba8
01-16 15:32:18 com_github_MitjaNemec_ReplicateLayout.replicate_layout 985:Src text UUid:756a2f6f-4821-45af-8d70-589d02072268
01-16 15:32:18 com_github_MitjaNemec_ReplicateLayout.replicate_layout 986:Dst text UUid:f89231b5-aec0-431e-9822-75ae5a53c18b
01-16 15:32:18 com_github_MitjaNemec_ReplicateLayout.replicate_layout 985:Src text UUid:f69dfee4-f0ae-4ec8-b61f-3c47afdd2aa2
01-16 15:32:18 com_github_MitjaNemec_ReplicateLayout.replicate_layout 986:Dst text UUid:8e3c1b56-6a02-4f86-a74d-a1e750474e41
01-16 15:32:18 com_github_MitjaNemec_ReplicateLayout.replicate_layout 985:Src text UUid:0a5c38f0-2941-45f7-99e6-77b0b5cd6eb6
01-16 15:32:18 com_github_MitjaNemec_ReplicateLayout.replicate_layout 986:Dst text UUid:75bea5bf-d3df-4c06-828c-a8296f57cda3
01-16 15:32:18 com_github_MitjaNemec_ReplicateLayout.replicate_layout 985:Src text UUid:4d14d222-56cf-403c-bb22-691cdc549b98
01-16 15:32:18 com_github_MitjaNemec_ReplicateLayout.replicate_layout 986:Dst text UUid:935bd749-e2ff-45fd-920e-3607cccfde75
01-16 15:32:18 com_github_MitjaNemec_ReplicateLayout.replicate_layout 985:Src text UUid:a059c57c-9656-4224-8fb3-223fccf3bc4b
01-16 15:32:18 com_github_MitjaNemec_ReplicateLayout.replicate_layout 986:Dst text UUid:2773be89-104d-4af5-82cc-95897a224b93
01-16 15:32:18 com_github_MitjaNemec_ReplicateLayout.replicate_layout 985:Src text UUid:c3b8b88a-6f79-40a7-8acf-86a40d617560
01-16 15:32:18 com_github_MitjaNemec_ReplicateLayout.replicate_layout 986:Dst text UUid:6259705f-a300-45b0-b9a9-a5fcd1f71e1a
01-16 15:32:18 com_github_MitjaNemec_ReplicateLayout.replicate_layout 985:Src text UUid:b3a247ec-7169-461e-b858-16dd79d1d679
01-16 15:32:18 com_github_MitjaNemec_ReplicateLayout.replicate_layout 986:Dst text UUid:0eec80ab-7bdb-41c4-99a2-4d4538bf8b1a
01-16 15:32:18 com_github_MitjaNemec_ReplicateLayout.replicate_layout 985:Src text UUid:f6df6371-c158-4d05-916d-fe290687b68d
01-16 15:32:18 com_github_MitjaNemec_ReplicateLayout.replicate_layout 986:Dst text UUid:06d68b1b-223b-43c9-8754-0c3f00faf688
01-16 15:32:18 com_github_MitjaNemec_ReplicateLayout.replicate_layout 985:Src text UUid:f70dfd99-b8ad-41d6-8e40-f044e04679f5
01-16 15:32:18 com_github_MitjaNemec_ReplicateLayout.replicate_layout 986:Dst text UUid:b7285ae6-8c20-43fa-b613-c2f64e70d76e
01-16 15:32:18 com_github_MitjaNemec_ReplicateLayout.replicate_layout 985:Src text UUid:db40bc69-ff1f-4905-8cb4-cd538b7a705d
01-16 15:32:18 com_github_MitjaNemec_ReplicateLayout.replicate_layout 986:Dst text UUid:32323025-212b-47fd-8266-c677883878b1
01-16 15:32:18 com_github_MitjaNemec_ReplicateLayout.replicate_layout 985:Src text UUid:49e41143-d78e-4ce2-b00b-4be0599bcc73
01-16 15:32:18 com_github_MitjaNemec_ReplicateLayout.replicate_layout 986:Dst text UUid:6af6333a-05a1-4219-befd-5ae66e94bed7
01-16 15:32:18 com_github_MitjaNemec_ReplicateLayout.replicate_layout 985:Src text UUid:7943f39a-3bfa-422f-ae41-2d793d236c4f
01-16 15:32:18 com_github_MitjaNemec_ReplicateLayout.replicate_layout 986:Dst text UUid:7f9e8fc8-b049-41bd-b4e5-9c97dd521ec9
01-16 15:32:18 com_github_MitjaNemec_ReplicateLayout.replicate_layout 985:Src text UUid:215285df-738f-4579-8a4e-afec13a01652
01-16 15:32:18 com_github_MitjaNemec_ReplicateLayout.replicate_layout 986:Dst text UUid:4658c6d2-9817-4e68-b8a3-d310d83ab4e1
01-16 15:32:18 com_github_MitjaNemec_ReplicateLayout.replicate_layout 985:Src text UUid:7cac89a5-b1e7-449c-9854-efef193b0534
01-16 15:32:18 com_github_MitjaNemec_ReplicateLayout.replicate_layout 986:Dst text UUid:508ed1e1-ec67-4497-a00f-681d6d8c55e0
01-16 15:32:18 com_github_MitjaNemec_ReplicateLayout.replicate_layout 985:Src text UUid:02d2b9c6-4662-4073-8c61-3c189114be75
01-16 15:32:18 com_github_MitjaNemec_ReplicateLayout.replicate_layout 986:Dst text UUid:c4febcac-210f-4c37-9b4e-5d5760a2e727
01-16 15:32:18 com_github_MitjaNemec_ReplicateLayout.replicate_layout 985:Src text UUid:84e8ed34-4b39-43de-bbfa-8e19bd832f56
01-16 15:32:18 com_github_MitjaNemec_ReplicateLayout.replicate_layout 986:Dst text UUid:b1b4e78b-5b43-48b9-90e9-86f4310c9113
01-16 15:32:18 com_github_MitjaNemec_ReplicateLayout.replicate_layout 985:Src text UUid:2d889c3a-db76-4724-a8e1-52cc2b0e9ded
01-16 15:32:18 com_github_MitjaNemec_ReplicateLayout.replicate_layout 986:Dst text UUid:6ed6798b-faf6-4ef0-85ca-f486280ff31f
01-16 15:32:18 com_github_MitjaNemec_ReplicateLayout.replicate_layout 868:Replicating footprints on sheet ['Coil Driver', 'I2C Single Protection1']
01-16 15:32:18 com_github_MitjaNemec_ReplicateLayout.replicate_layout 985:Src text UUid:c6ab7bf5-a35e-4dc3-abd4-69016a0d310a
01-16 15:32:18 com_github_MitjaNemec_ReplicateLayout.replicate_layout 986:Dst text UUid:3d8e767f-e9e5-40c3-bbd2-fddb5946f2cb
01-16 15:32:18 com_github_MitjaNemec_ReplicateLayout.replicate_layout 985:Src text UUid:d4adfd30-18e6-40cc-a3c2-77cc4039b702
01-16 15:32:18 com_github_MitjaNemec_ReplicateLayout.replicate_layout 986:Dst text UUid:1f48c635-8a42-4a60-a320-6baa960bcee5
01-16 15:32:18 com_github_MitjaNemec_ReplicateLayout.replicate_layout 985:Src text UUid:6048b3a1-adb6-4a83-9f3d-0c49b54e9e92
01-16 15:32:18 com_github_MitjaNemec_ReplicateLayout.replicate_layout 986:Dst text UUid:61c92f00-ae3f-4e96-91d5-dbbabe02c9ee
01-16 15:32:18 com_github_MitjaNemec_ReplicateLayout.replicate_layout 985:Src text UUid:f61660fd-1bb7-4050-a4a1-7d2be28e3cd8
01-16 15:32:18 com_github_MitjaNemec_ReplicateLayout.replicate_layout 986:Dst text UUid:22492477-6234-4687-aeb8-f4dfaad912ee
01-16 15:32:18 com_github_MitjaNemec_ReplicateLayout.replicate_layout 985:Src text UUid:99e889f6-3324-483f-8df5-b9f03ae208f0
01-16 15:32:18 com_github_MitjaNemec_ReplicateLayout.replicate_layout 986:Dst text UUid:bfe141c5-afc9-4eb0-b63f-f6186336cdf3
01-16 15:32:18 com_github_MitjaNemec_ReplicateLayout.replicate_layout 985:Src text UUid:096459c8-dfe0-40fd-9e19-143efdfd40fa
01-16 15:32:18 com_github_MitjaNemec_ReplicateLayout.replicate_layout 986:Dst text UUid:3241d931-830a-4351-8c8e-55a510b1b69f
01-16 15:32:18 com_github_MitjaNemec_ReplicateLayout.replicate_layout 985:Src text UUid:dbd12ac9-ae5b-4ee3-bb17-a03245dfe30f
01-16 15:32:18 com_github_MitjaNemec_ReplicateLayout.replicate_layout 986:Dst text UUid:e590584b-e83e-4d3c-bc90-55a48bfcfed2
01-16 15:32:18 com_github_MitjaNemec_ReplicateLayout.replicate_layout 985:Src text UUid:38fa8930-4e7d-46c0-9b9c-0d1c1b6dc6a9
01-16 15:32:18 com_github_MitjaNemec_ReplicateLayout.replicate_layout 986:Dst text UUid:64f9a874-8876-4e16-8cac-950fd90aec97
01-16 15:32:18 com_github_MitjaNemec_ReplicateLayout.replicate_layout 985:Src text UUid:cc1d39ac-1241-4574-b4ef-33f97a450ce1
01-16 15:32:18 com_github_MitjaNemec_ReplicateLayout.replicate_layout 986:Dst text UUid:970bb7bf-ec83-4389-8bce-a585bd50807c
01-16 15:32:18 root 337:updating GUI with: 28
01-16 15:32:18 com_github_MitjaNemec_ReplicateLayout.replicate_layout 985:Src text UUid:8d899853-a8f8-44d9-a71e-5085833a3f3b
01-16 15:32:18 com_github_MitjaNemec_ReplicateLayout.replicate_layout 986:Dst text UUid:478892eb-01c7-4c5d-8d7a-4c88be29063b
01-16 15:32:18 com_github_MitjaNemec_ReplicateLayout.replicate_layout 985:Src text UUid:756a2f6f-4821-45af-8d70-589d02072268
01-16 15:32:18 com_github_MitjaNemec_ReplicateLayout.replicate_layout 986:Dst text UUid:dfbe3135-0024-4938-8e26-0db3fa8d6f0e
01-16 15:32:18 com_github_MitjaNemec_ReplicateLayout.replicate_layout 985:Src text UUid:f69dfee4-f0ae-4ec8-b61f-3c47afdd2aa2
01-16 15:32:18 com_github_MitjaNemec_ReplicateLayout.replicate_layout 986:Dst text UUid:b30819ef-b8b1-474a-9c0b-fc71950ddf1e
01-16 15:32:18 com_github_MitjaNemec_ReplicateLayout.replicate_layout 985:Src text UUid:0a5c38f0-2941-45f7-99e6-77b0b5cd6eb6
01-16 15:32:18 com_github_MitjaNemec_ReplicateLayout.replicate_layout 986:Dst text UUid:c4265514-ea6b-4e3e-a1dc-f4261ec9519a
01-16 15:32:18 com_github_MitjaNemec_ReplicateLayout.replicate_layout 985:Src text UUid:4d14d222-56cf-403c-bb22-691cdc549b98
01-16 15:32:18 com_github_MitjaNemec_ReplicateLayout.replicate_layout 986:Dst text UUid:446e15da-7be3-4c44-9272-ddbb40c9051a
01-16 15:32:18 com_github_MitjaNemec_ReplicateLayout.replicate_layout 985:Src text UUid:a059c57c-9656-4224-8fb3-223fccf3bc4b
01-16 15:32:18 com_github_MitjaNemec_ReplicateLayout.replicate_layout 986:Dst text UUid:08e38726-7f23-430b-b31b-df75cb7018f3
01-16 15:32:18 com_github_MitjaNemec_ReplicateLayout.replicate_layout 985:Src text UUid:c3b8b88a-6f79-40a7-8acf-86a40d617560
01-16 15:32:18 com_github_MitjaNemec_ReplicateLayout.replicate_layout 986:Dst text UUid:21ad8d71-e228-4e42-b427-9767e0a12aba
01-16 15:32:18 com_github_MitjaNemec_ReplicateLayout.replicate_layout 985:Src text UUid:b3a247ec-7169-461e-b858-16dd79d1d679
01-16 15:32:18 com_github_MitjaNemec_ReplicateLayout.replicate_layout 986:Dst text UUid:67c729d1-ddd7-4618-94ee-303742f21c94
01-16 15:32:18 com_github_MitjaNemec_ReplicateLayout.replicate_layout 985:Src text UUid:f6df6371-c158-4d05-916d-fe290687b68d
01-16 15:32:18 com_github_MitjaNemec_ReplicateLayout.replicate_layout 986:Dst text UUid:97791092-5a3b-485e-b229-f3f500e9923f
01-16 15:32:18 com_github_MitjaNemec_ReplicateLayout.replicate_layout 985:Src text UUid:f70dfd99-b8ad-41d6-8e40-f044e04679f5
01-16 15:32:18 com_github_MitjaNemec_ReplicateLayout.replicate_layout 986:Dst text UUid:0c5a87a7-3ba9-4f98-803b-d9581c98824a
01-16 15:32:18 com_github_MitjaNemec_ReplicateLayout.replicate_layout 985:Src text UUid:db40bc69-ff1f-4905-8cb4-cd538b7a705d
01-16 15:32:18 com_github_MitjaNemec_ReplicateLayout.replicate_layout 986:Dst text UUid:7a618095-a90c-4c7f-ae14-d8280f74830b
01-16 15:32:18 com_github_MitjaNemec_ReplicateLayout.replicate_layout 985:Src text UUid:49e41143-d78e-4ce2-b00b-4be0599bcc73
01-16 15:32:18 com_github_MitjaNemec_ReplicateLayout.replicate_layout 986:Dst text UUid:19d8f371-6073-42fd-9fde-57ba9a6ed6f9
01-16 15:32:18 com_github_MitjaNemec_ReplicateLayout.replicate_layout 985:Src text UUid:7943f39a-3bfa-422f-ae41-2d793d236c4f
01-16 15:32:18 com_github_MitjaNemec_ReplicateLayout.replicate_layout 986:Dst text UUid:3bd75efe-6cb4-4f55-9d8c-0f9e73bcd9d5
01-16 15:32:18 com_github_MitjaNemec_ReplicateLayout.replicate_layout 985:Src text UUid:215285df-738f-4579-8a4e-afec13a01652
01-16 15:32:18 com_github_MitjaNemec_ReplicateLayout.replicate_layout 986:Dst text UUid:db16af3c-963f-4c97-b4fe-aa554e5af99c
01-16 15:32:18 com_github_MitjaNemec_ReplicateLayout.replicate_layout 985:Src text UUid:7cac89a5-b1e7-449c-9854-efef193b0534
01-16 15:32:18 com_github_MitjaNemec_ReplicateLayout.replicate_layout 986:Dst text UUid:52bbc2a7-7d51-4ce7-ba45-88f58bd7b715
01-16 15:32:18 root 337:updating GUI with: 39
01-16 15:32:18 com_github_MitjaNemec_ReplicateLayout.replicate_layout 985:Src text UUid:02d2b9c6-4662-4073-8c61-3c189114be75
01-16 15:32:18 com_github_MitjaNemec_ReplicateLayout.replicate_layout 986:Dst text UUid:1dc5f5f3-53d6-4c39-a0d2-3a8a63b37fc8
01-16 15:32:18 com_github_MitjaNemec_ReplicateLayout.replicate_layout 985:Src text UUid:84e8ed34-4b39-43de-bbfa-8e19bd832f56
01-16 15:32:18 com_github_MitjaNemec_ReplicateLayout.replicate_layout 986:Dst text UUid:8785970a-ee68-4fc8-b8b5-9bf5d091ef52
01-16 15:32:18 com_github_MitjaNemec_ReplicateLayout.replicate_layout 985:Src text UUid:2d889c3a-db76-4724-a8e1-52cc2b0e9ded
01-16 15:32:18 com_github_MitjaNemec_ReplicateLayout.replicate_layout 986:Dst text UUid:89dceb88-8914-4028-99d4-2c53d1bd4514
01-16 15:32:18 com_github_MitjaNemec_ReplicateLayout.replicate_layout 868:Replicating footprints on sheet ['Light Sensor', 'I2C Single Protection2']
01-16 15:32:18 com_github_MitjaNemec_ReplicateLayout.replicate_layout 985:Src text UUid:c6ab7bf5-a35e-4dc3-abd4-69016a0d310a
01-16 15:32:18 com_github_MitjaNemec_ReplicateLayout.replicate_layout 986:Dst text UUid:cd23af30-2c06-404f-8bae-d5d0519f86a6
01-16 15:32:18 com_github_MitjaNemec_ReplicateLayout.replicate_layout 985:Src text UUid:d4adfd30-18e6-40cc-a3c2-77cc4039b702
01-16 15:32:18 com_github_MitjaNemec_ReplicateLayout.replicate_layout 986:Dst text UUid:1863ab5e-2aa7-420a-94bc-56ac0ae1ae17
01-16 15:32:18 com_github_MitjaNemec_ReplicateLayout.replicate_layout 985:Src text UUid:6048b3a1-adb6-4a83-9f3d-0c49b54e9e92
01-16 15:32:18 com_github_MitjaNemec_ReplicateLayout.replicate_layout 986:Dst text UUid:18da1890-371c-4eef-9e89-f96e8227fc11
01-16 15:32:18 com_github_MitjaNemec_ReplicateLayout.replicate_layout 985:Src text UUid:f61660fd-1bb7-4050-a4a1-7d2be28e3cd8
01-16 15:32:18 com_github_MitjaNemec_ReplicateLayout.replicate_layout 986:Dst text UUid:c4a2b005-6a5b-407c-9a5a-b3137cd3d85a
01-16 15:32:18 com_github_MitjaNemec_ReplicateLayout.replicate_layout 985:Src text UUid:99e889f6-3324-483f-8df5-b9f03ae208f0
01-16 15:32:18 com_github_MitjaNemec_ReplicateLayout.replicate_layout 986:Dst text UUid:db82f36d-84bc-49fb-a26b-8f017b41fb8f
01-16 15:32:18 com_github_MitjaNemec_ReplicateLayout.replicate_layout 985:Src text UUid:096459c8-dfe0-40fd-9e19-143efdfd40fa
01-16 15:32:18 com_github_MitjaNemec_ReplicateLayout.replicate_layout 986:Dst text UUid:8a92cdb6-d847-436b-a577-87be72260cc1
01-16 15:32:18 com_github_MitjaNemec_ReplicateLayout.replicate_layout 985:Src text UUid:dbd12ac9-ae5b-4ee3-bb17-a03245dfe30f
01-16 15:32:18 com_github_MitjaNemec_ReplicateLayout.replicate_layout 986:Dst text UUid:5bcbe833-70e9-4b08-96e6-953f1962f550
01-16 15:32:18 com_github_MitjaNemec_ReplicateLayout.replicate_layout 985:Src text UUid:38fa8930-4e7d-46c0-9b9c-0d1c1b6dc6a9
01-16 15:32:18 com_github_MitjaNemec_ReplicateLayout.replicate_layout 986:Dst text UUid:ca539b14-dbd2-408c-a98d-b70d0ce7dac6
01-16 15:32:18 com_github_MitjaNemec_ReplicateLayout.replicate_layout 985:Src text UUid:cc1d39ac-1241-4574-b4ef-33f97a450ce1
01-16 15:32:18 com_github_MitjaNemec_ReplicateLayout.replicate_layout 986:Dst text UUid:0cde5e7d-3963-47d1-8523-68d69830b729
01-16 15:32:18 com_github_MitjaNemec_ReplicateLayout.replicate_layout 985:Src text UUid:8d899853-a8f8-44d9-a71e-5085833a3f3b
01-16 15:32:18 com_github_MitjaNemec_ReplicateLayout.replicate_layout 986:Dst text UUid:29d49e7b-1142-4bf6-949b-3b883e390fca
01-16 15:32:18 com_github_MitjaNemec_ReplicateLayout.replicate_layout 985:Src text UUid:756a2f6f-4821-45af-8d70-589d02072268
01-16 15:32:18 com_github_MitjaNemec_ReplicateLayout.replicate_layout 986:Dst text UUid:cf5b0b0a-0a20-4403-b731-2432fc5c4c0b
01-16 15:32:18 com_github_MitjaNemec_ReplicateLayout.replicate_layout 985:Src text UUid:f69dfee4-f0ae-4ec8-b61f-3c47afdd2aa2
01-16 15:32:18 com_github_MitjaNemec_ReplicateLayout.replicate_layout 986:Dst text UUid:b0a5a4d0-4ce4-4e7e-8cd6-b38634645c19
01-16 15:32:18 com_github_MitjaNemec_ReplicateLayout.replicate_layout 985:Src text UUid:0a5c38f0-2941-45f7-99e6-77b0b5cd6eb6
01-16 15:32:18 com_github_MitjaNemec_ReplicateLayout.replicate_layout 986:Dst text UUid:5a6e7a1c-2cbd-4afa-b7ae-467419e7f984
01-16 15:32:18 com_github_MitjaNemec_ReplicateLayout.replicate_layout 985:Src text UUid:4d14d222-56cf-403c-bb22-691cdc549b98
01-16 15:32:18 com_github_MitjaNemec_ReplicateLayout.replicate_layout 986:Dst text UUid:4b13a31c-37ce-44e8-a7aa-549cedcd91df
01-16 15:32:18 com_github_MitjaNemec_ReplicateLayout.replicate_layout 985:Src text UUid:a059c57c-9656-4224-8fb3-223fccf3bc4b
01-16 15:32:18 com_github_MitjaNemec_ReplicateLayout.replicate_layout 986:Dst text UUid:eefb22f3-bf29-477a-919f-cd5592eaf581
01-16 15:32:18 com_github_MitjaNemec_ReplicateLayout.replicate_layout 985:Src text UUid:c3b8b88a-6f79-40a7-8acf-86a40d617560
01-16 15:32:18 com_github_MitjaNemec_ReplicateLayout.replicate_layout 986:Dst text UUid:0977cd46-e4f4-4d4f-931b-c3cc246d12ed
01-16 15:32:18 com_github_MitjaNemec_ReplicateLayout.replicate_layout 985:Src text UUid:b3a247ec-7169-461e-b858-16dd79d1d679
01-16 15:32:18 com_github_MitjaNemec_ReplicateLayout.replicate_layout 986:Dst text UUid:2118aab3-5977-40df-8f18-fa9994a16e4d
01-16 15:32:18 com_github_MitjaNemec_ReplicateLayout.replicate_layout 985:Src text UUid:f6df6371-c158-4d05-916d-fe290687b68d
01-16 15:32:18 com_github_MitjaNemec_ReplicateLayout.replicate_layout 986:Dst text UUid:d60eb6a2-d0d8-4d2a-a7c2-9ac94276c627
01-16 15:32:18 com_github_MitjaNemec_ReplicateLayout.replicate_layout 985:Src text UUid:f70dfd99-b8ad-41d6-8e40-f044e04679f5
01-16 15:32:18 com_github_MitjaNemec_ReplicateLayout.replicate_layout 986:Dst text UUid:c5376d18-a645-4dc7-9f57-6831f546cb5a
01-16 15:32:18 com_github_MitjaNemec_ReplicateLayout.replicate_layout 985:Src text UUid:db40bc69-ff1f-4905-8cb4-cd538b7a705d
01-16 15:32:18 com_github_MitjaNemec_ReplicateLayout.replicate_layout 986:Dst text UUid:5d6489bd-b660-407d-b8d0-d212c932b66b
01-16 15:32:18 com_github_MitjaNemec_ReplicateLayout.replicate_layout 985:Src text UUid:49e41143-d78e-4ce2-b00b-4be0599bcc73
01-16 15:32:18 com_github_MitjaNemec_ReplicateLayout.replicate_layout 986:Dst text UUid:1ee22c52-cc72-4ea5-bfe3-3b7a666d5960
01-16 15:32:18 com_github_MitjaNemec_ReplicateLayout.replicate_layout 985:Src text UUid:7943f39a-3bfa-422f-ae41-2d793d236c4f
01-16 15:32:18 com_github_MitjaNemec_ReplicateLayout.replicate_layout 986:Dst text UUid:e5e784b1-8db0-45c4-a942-4ad75c136f1f
01-16 15:32:18 com_github_MitjaNemec_ReplicateLayout.replicate_layout 985:Src text UUid:215285df-738f-4579-8a4e-afec13a01652
01-16 15:32:18 com_github_MitjaNemec_ReplicateLayout.replicate_layout 986:Dst text UUid:c6a241a4-ecd2-4c2d-beaa-185e31510a78
01-16 15:32:18 com_github_MitjaNemec_ReplicateLayout.replicate_layout 985:Src text UUid:7cac89a5-b1e7-449c-9854-efef193b0534
01-16 15:32:18 com_github_MitjaNemec_ReplicateLayout.replicate_layout 986:Dst text UUid:3b8b15e2-1fcd-45fd-9bd1-b9f53f41426a
01-16 15:32:18 com_github_MitjaNemec_ReplicateLayout.replicate_layout 985:Src text UUid:02d2b9c6-4662-4073-8c61-3c189114be75
01-16 15:32:18 com_github_MitjaNemec_ReplicateLayout.replicate_layout 986:Dst text UUid:2bd80049-8a79-4fff-b701-f7ff894c1799
01-16 15:32:18 com_github_MitjaNemec_ReplicateLayout.replicate_layout 985:Src text UUid:84e8ed34-4b39-43de-bbfa-8e19bd832f56
01-16 15:32:18 com_github_MitjaNemec_ReplicateLayout.replicate_layout 986:Dst text UUid:c085244a-501e-4bd7-9a13-168cd874cd2c
01-16 15:32:18 com_github_MitjaNemec_ReplicateLayout.replicate_layout 985:Src text UUid:2d889c3a-db76-4724-a8e1-52cc2b0e9ded
01-16 15:32:18 com_github_MitjaNemec_ReplicateLayout.replicate_layout 986:Dst text UUid:106c99e6-90f7-46b7-9f05-f9854bd7bba1
01-16 15:32:18 com_github_MitjaNemec_ReplicateLayout.replicate_layout 868:Replicating footprints on sheet ['Light Sensor', 'I2C Single Protection3']
01-16 15:32:18 com_github_MitjaNemec_ReplicateLayout.replicate_layout 985:Src text UUid:c6ab7bf5-a35e-4dc3-abd4-69016a0d310a
01-16 15:32:18 com_github_MitjaNemec_ReplicateLayout.replicate_layout 986:Dst text UUid:0a5eda72-5d4d-4d77-9865-6b99489af2ed
01-16 15:32:18 com_github_MitjaNemec_ReplicateLayout.replicate_layout 985:Src text UUid:d4adfd30-18e6-40cc-a3c2-77cc4039b702
01-16 15:32:18 com_github_MitjaNemec_ReplicateLayout.replicate_layout 986:Dst text UUid:1ce855c0-a037-4c3b-9dae-803d45ce6604
01-16 15:32:18 com_github_MitjaNemec_ReplicateLayout.replicate_layout 985:Src text UUid:6048b3a1-adb6-4a83-9f3d-0c49b54e9e92
01-16 15:32:18 com_github_MitjaNemec_ReplicateLayout.replicate_layout 986:Dst text UUid:0a3b8a57-e36d-45a9-b140-00eca88dd42c
01-16 15:32:18 com_github_MitjaNemec_ReplicateLayout.replicate_layout 985:Src text UUid:f61660fd-1bb7-4050-a4a1-7d2be28e3cd8
01-16 15:32:18 com_github_MitjaNemec_ReplicateLayout.replicate_layout 986:Dst text UUid:b63727a4-41cb-4f5b-98d2-2b236917954a
01-16 15:32:18 com_github_MitjaNemec_ReplicateLayout.replicate_layout 985:Src text UUid:99e889f6-3324-483f-8df5-b9f03ae208f0
01-16 15:32:18 com_github_MitjaNemec_ReplicateLayout.replicate_layout 986:Dst text UUid:88a241f6-ad42-495d-b834-dd3e46776786
01-16 15:32:18 com_github_MitjaNemec_ReplicateLayout.replicate_layout 985:Src text UUid:096459c8-dfe0-40fd-9e19-143efdfd40fa
01-16 15:32:18 com_github_MitjaNemec_ReplicateLayout.replicate_layout 986:Dst text UUid:6db7e4f5-7d46-43ae-8e58-92dff9c54ae0
01-16 15:32:18 com_github_MitjaNemec_ReplicateLayout.replicate_layout 985:Src text UUid:dbd12ac9-ae5b-4ee3-bb17-a03245dfe30f
01-16 15:32:18 com_github_MitjaNemec_ReplicateLayout.replicate_layout 986:Dst text UUid:6df97b09-6537-42bf-8d24-71d46197cf65
01-16 15:32:18 com_github_MitjaNemec_ReplicateLayout.replicate_layout 985:Src text UUid:38fa8930-4e7d-46c0-9b9c-0d1c1b6dc6a9
01-16 15:32:18 com_github_MitjaNemec_ReplicateLayout.replicate_layout 986:Dst text UUid:bd65026b-520e-461b-9da8-94e4145551c3
01-16 15:32:18 com_github_MitjaNemec_ReplicateLayout.replicate_layout 985:Src text UUid:cc1d39ac-1241-4574-b4ef-33f97a450ce1
01-16 15:32:18 com_github_MitjaNemec_ReplicateLayout.replicate_layout 986:Dst text UUid:fe3670d1-7647-462b-afde-81001de49cf4
01-16 15:32:18 com_github_MitjaNemec_ReplicateLayout.replicate_layout 985:Src text UUid:8d899853-a8f8-44d9-a71e-5085833a3f3b
01-16 15:32:18 com_github_MitjaNemec_ReplicateLayout.replicate_layout 986:Dst text UUid:6db1809e-22f8-4f7b-92be-74fa124c644e
01-16 15:32:18 com_github_MitjaNemec_ReplicateLayout.replicate_layout 985:Src text UUid:756a2f6f-4821-45af-8d70-589d02072268
01-16 15:32:18 com_github_MitjaNemec_ReplicateLayout.replicate_layout 986:Dst text UUid:8d32c151-77fd-40f7-90b3-7b6adbc6a0e4
01-16 15:32:18 com_github_MitjaNemec_ReplicateLayout.replicate_layout 985:Src text UUid:f69dfee4-f0ae-4ec8-b61f-3c47afdd2aa2
01-16 15:32:18 com_github_MitjaNemec_ReplicateLayout.replicate_layout 986:Dst text UUid:6f93bfdc-970b-46ff-ac0e-9a4c8fd6cef0
01-16 15:32:18 com_github_MitjaNemec_ReplicateLayout.replicate_layout 985:Src text UUid:0a5c38f0-2941-45f7-99e6-77b0b5cd6eb6
01-16 15:32:18 com_github_MitjaNemec_ReplicateLayout.replicate_layout 986:Dst text UUid:2400b561-9bd6-48f6-9902-e89c2d02ad54
01-16 15:32:18 com_github_MitjaNemec_ReplicateLayout.replicate_layout 985:Src text UUid:4d14d222-56cf-403c-bb22-691cdc549b98
01-16 15:32:18 com_github_MitjaNemec_ReplicateLayout.replicate_layout 986:Dst text UUid:b3648945-4b1d-41e9-b7d0-9c1d13670a5d
01-16 15:32:18 com_github_MitjaNemec_ReplicateLayout.replicate_layout 985:Src text UUid:a059c57c-9656-4224-8fb3-223fccf3bc4b
01-16 15:32:18 com_github_MitjaNemec_ReplicateLayout.replicate_layout 986:Dst text UUid:5bb5c014-00f0-435c-b343-e98fb8c5e5cc
01-16 15:32:18 com_github_MitjaNemec_ReplicateLayout.replicate_layout 985:Src text UUid:c3b8b88a-6f79-40a7-8acf-86a40d617560
01-16 15:32:18 com_github_MitjaNemec_ReplicateLayout.replicate_layout 986:Dst text UUid:f9234dd8-8069-4215-ae43-f2063c8ec9ae
01-16 15:32:18 com_github_MitjaNemec_ReplicateLayout.replicate_layout 985:Src text UUid:b3a247ec-7169-461e-b858-16dd79d1d679
01-16 15:32:18 com_github_MitjaNemec_ReplicateLayout.replicate_layout 986:Dst text UUid:3adb2032-529f-4f5a-862d-461a3f00b3f6
01-16 15:32:18 com_github_MitjaNemec_ReplicateLayout.replicate_layout 985:Src text UUid:f6df6371-c158-4d05-916d-fe290687b68d
01-16 15:32:18 com_github_MitjaNemec_ReplicateLayout.replicate_layout 986:Dst text UUid:c780ab5d-4540-4cbc-936b-e56ebcdc9211
01-16 15:32:18 com_github_MitjaNemec_ReplicateLayout.replicate_layout 985:Src text UUid:f70dfd99-b8ad-41d6-8e40-f044e04679f5
01-16 15:32:18 com_github_MitjaNemec_ReplicateLayout.replicate_layout 986:Dst text UUid:a9767075-992b-48ca-af12-d31e9649a3d5
01-16 15:32:18 com_github_MitjaNemec_ReplicateLayout.replicate_layout 985:Src text UUid:db40bc69-ff1f-4905-8cb4-cd538b7a705d
01-16 15:32:18 com_github_MitjaNemec_ReplicateLayout.replicate_layout 986:Dst text UUid:250b4f08-5f8c-487d-9e53-e2729c71bb9f
01-16 15:32:18 com_github_MitjaNemec_ReplicateLayout.replicate_layout 985:Src text UUid:49e41143-d78e-4ce2-b00b-4be0599bcc73
01-16 15:32:18 com_github_MitjaNemec_ReplicateLayout.replicate_layout 986:Dst text UUid:8ee786ed-3500-4b85-baf6-42b6d48bbd12
01-16 15:32:18 com_github_MitjaNemec_ReplicateLayout.replicate_layout 985:Src text UUid:7943f39a-3bfa-422f-ae41-2d793d236c4f
01-16 15:32:18 com_github_MitjaNemec_ReplicateLayout.replicate_layout 986:Dst text UUid:789a78a4-4d74-4f53-8ea1-7ae7e6c95773
01-16 15:32:18 com_github_MitjaNemec_ReplicateLayout.replicate_layout 985:Src text UUid:215285df-738f-4579-8a4e-afec13a01652
01-16 15:32:18 com_github_MitjaNemec_ReplicateLayout.replicate_layout 986:Dst text UUid:3fea04b0-1471-4218-94b2-86e0782a8598
01-16 15:32:18 com_github_MitjaNemec_ReplicateLayout.replicate_layout 985:Src text UUid:7cac89a5-b1e7-449c-9854-efef193b0534
01-16 15:32:18 com_github_MitjaNemec_ReplicateLayout.replicate_layout 986:Dst text UUid:217a5a09-45cc-463d-b9e9-fcee37b2989d
01-16 15:32:18 com_github_MitjaNemec_ReplicateLayout.replicate_layout 985:Src text UUid:02d2b9c6-4662-4073-8c61-3c189114be75
01-16 15:32:18 com_github_MitjaNemec_ReplicateLayout.replicate_layout 986:Dst text UUid:2a488be9-6cf8-4968-bc0a-5f0b78cc3bc5
01-16 15:32:18 com_github_MitjaNemec_ReplicateLayout.replicate_layout 985:Src text UUid:84e8ed34-4b39-43de-bbfa-8e19bd832f56
01-16 15:32:18 com_github_MitjaNemec_ReplicateLayout.replicate_layout 986:Dst text UUid:554c7441-00fd-48ec-a9f5-3f5c3c9a50fa
01-16 15:32:18 com_github_MitjaNemec_ReplicateLayout.replicate_layout 985:Src text UUid:2d889c3a-db76-4724-a8e1-52cc2b0e9ded
01-16 15:32:18 com_github_MitjaNemec_ReplicateLayout.replicate_layout 986:Dst text UUid:b7444409-4606-4cd2-8ee3-1b6698d7b1b7
01-16 15:32:18 com_github_MitjaNemec_ReplicateLayout.replicate_layout 868:Replicating footprints on sheet ['Solar Charger', 'I2C Single Protection5']
01-16 15:32:18 com_github_MitjaNemec_ReplicateLayout.replicate_layout 985:Src text UUid:c6ab7bf5-a35e-4dc3-abd4-69016a0d310a
01-16 15:32:18 com_github_MitjaNemec_ReplicateLayout.replicate_layout 986:Dst text UUid:70ebe274-5268-402a-8c48-48d24fdc1693
01-16 15:32:18 com_github_MitjaNemec_ReplicateLayout.replicate_layout 985:Src text UUid:d4adfd30-18e6-40cc-a3c2-77cc4039b702
01-16 15:32:18 com_github_MitjaNemec_ReplicateLayout.replicate_layout 986:Dst text UUid:39ec1114-e35b-4271-86c3-533902562798
01-16 15:32:18 com_github_MitjaNemec_ReplicateLayout.replicate_layout 985:Src text UUid:6048b3a1-adb6-4a83-9f3d-0c49b54e9e92
01-16 15:32:18 com_github_MitjaNemec_ReplicateLayout.replicate_layout 986:Dst text UUid:c6a26bda-9fc3-4e0b-957f-c87afe4442d9
01-16 15:32:18 com_github_MitjaNemec_ReplicateLayout.replicate_layout 985:Src text UUid:f61660fd-1bb7-4050-a4a1-7d2be28e3cd8
01-16 15:32:18 com_github_MitjaNemec_ReplicateLayout.replicate_layout 986:Dst text UUid:c0717976-35fd-49dc-9fe9-12782bfe3744
01-16 15:32:18 com_github_MitjaNemec_ReplicateLayout.replicate_layout 985:Src text UUid:99e889f6-3324-483f-8df5-b9f03ae208f0
01-16 15:32:18 com_github_MitjaNemec_ReplicateLayout.replicate_layout 986:Dst text UUid:505fb10a-5055-45b9-babb-397e595be5e2
01-16 15:32:18 com_github_MitjaNemec_ReplicateLayout.replicate_layout 985:Src text UUid:096459c8-dfe0-40fd-9e19-143efdfd40fa
01-16 15:32:18 com_github_MitjaNemec_ReplicateLayout.replicate_layout 986:Dst text UUid:34cd4453-5ec1-4b8f-8052-415ee3d70bb3
01-16 15:32:18 com_github_MitjaNemec_ReplicateLayout.replicate_layout 985:Src text UUid:dbd12ac9-ae5b-4ee3-bb17-a03245dfe30f
01-16 15:32:18 com_github_MitjaNemec_ReplicateLayout.replicate_layout 986:Dst text UUid:fe52cc71-45be-40ad-b059-4ed53aad3fe9
01-16 15:32:18 com_github_MitjaNemec_ReplicateLayout.replicate_layout 985:Src text UUid:38fa8930-4e7d-46c0-9b9c-0d1c1b6dc6a9
01-16 15:32:18 com_github_MitjaNemec_ReplicateLayout.replicate_layout 986:Dst text UUid:4e12a332-fd6f-4be6-8c0d-497fde14f082
01-16 15:32:18 com_github_MitjaNemec_ReplicateLayout.replicate_layout 985:Src text UUid:cc1d39ac-1241-4574-b4ef-33f97a450ce1
01-16 15:32:18 com_github_MitjaNemec_ReplicateLayout.replicate_layout 986:Dst text UUid:53454394-7a3c-4ce1-9283-2ba5343a1f84
01-16 15:32:18 com_github_MitjaNemec_ReplicateLayout.replicate_layout 985:Src text UUid:8d899853-a8f8-44d9-a71e-5085833a3f3b
01-16 15:32:18 com_github_MitjaNemec_ReplicateLayout.replicate_layout 986:Dst text UUid:cb823f4d-0fb3-4260-a63a-a8d4ca6b3b29
01-16 15:32:18 com_github_MitjaNemec_ReplicateLayout.replicate_layout 985:Src text UUid:756a2f6f-4821-45af-8d70-589d02072268
01-16 15:32:18 com_github_MitjaNemec_ReplicateLayout.replicate_layout 986:Dst text UUid:7ac50e70-df29-4d30-81cd-b5539953daec
01-16 15:32:18 com_github_MitjaNemec_ReplicateLayout.replicate_layout 985:Src text UUid:f69dfee4-f0ae-4ec8-b61f-3c47afdd2aa2
01-16 15:32:18 com_github_MitjaNemec_ReplicateLayout.replicate_layout 986:Dst text UUid:680a6a42-287f-4632-ad23-e6d470ad1a68
01-16 15:32:18 com_github_MitjaNemec_ReplicateLayout.replicate_layout 985:Src text UUid:0a5c38f0-2941-45f7-99e6-77b0b5cd6eb6
01-16 15:32:18 com_github_MitjaNemec_ReplicateLayout.replicate_layout 986:Dst text UUid:c158ffd1-bdb8-4c8c-a924-a6037c0b233a
01-16 15:32:18 com_github_MitjaNemec_ReplicateLayout.replicate_layout 985:Src text UUid:4d14d222-56cf-403c-bb22-691cdc549b98
01-16 15:32:18 com_github_MitjaNemec_ReplicateLayout.replicate_layout 986:Dst text UUid:e381e8e4-cce0-4d11-85cb-64b837ea52fb
01-16 15:32:18 com_github_MitjaNemec_ReplicateLayout.replicate_layout 985:Src text UUid:a059c57c-9656-4224-8fb3-223fccf3bc4b
01-16 15:32:18 com_github_MitjaNemec_ReplicateLayout.replicate_layout 986:Dst text UUid:759a31cc-85b4-4196-a195-b722fdd5e963
01-16 15:32:18 root 337:updating GUI with: 93
01-16 15:32:18 com_github_MitjaNemec_ReplicateLayout.replicate_layout 985:Src text UUid:c3b8b88a-6f79-40a7-8acf-86a40d617560
01-16 15:32:18 com_github_MitjaNemec_ReplicateLayout.replicate_layout 986:Dst text UUid:e4f9d999-dcb3-425e-a26d-d6578777ca35
01-16 15:32:18 com_github_MitjaNemec_ReplicateLayout.replicate_layout 985:Src text UUid:b3a247ec-7169-461e-b858-16dd79d1d679
01-16 15:32:18 com_github_MitjaNemec_ReplicateLayout.replicate_layout 986:Dst text UUid:64d547d0-e2ce-4a6d-b77e-f6b84fc9f870
01-16 15:32:18 com_github_MitjaNemec_ReplicateLayout.replicate_layout 985:Src text UUid:f6df6371-c158-4d05-916d-fe290687b68d
01-16 15:32:18 com_github_MitjaNemec_ReplicateLayout.replicate_layout 986:Dst text UUid:8a63e153-b561-4b0f-9bbe-d6577029848e
01-16 15:32:18 com_github_MitjaNemec_ReplicateLayout.replicate_layout 985:Src text UUid:f70dfd99-b8ad-41d6-8e40-f044e04679f5
01-16 15:32:18 com_github_MitjaNemec_ReplicateLayout.replicate_layout 986:Dst text UUid:ac33720f-49d4-42f9-b650-195ce65599b2
01-16 15:32:18 com_github_MitjaNemec_ReplicateLayout.replicate_layout 985:Src text UUid:db40bc69-ff1f-4905-8cb4-cd538b7a705d
01-16 15:32:18 com_github_MitjaNemec_ReplicateLayout.replicate_layout 986:Dst text UUid:78476f74-d1dd-43d4-bb3e-bd0b9d86866f
01-16 15:32:18 com_github_MitjaNemec_ReplicateLayout.replicate_layout 985:Src text UUid:49e41143-d78e-4ce2-b00b-4be0599bcc73
01-16 15:32:18 com_github_MitjaNemec_ReplicateLayout.replicate_layout 986:Dst text UUid:28f2d0a8-0900-48be-87d0-0f8a16cd4f3a
01-16 15:32:18 com_github_MitjaNemec_ReplicateLayout.replicate_layout 985:Src text UUid:7943f39a-3bfa-422f-ae41-2d793d236c4f
01-16 15:32:18 com_github_MitjaNemec_ReplicateLayout.replicate_layout 986:Dst text UUid:c18d766d-2387-4a41-ab0f-6b207f65d1aa
01-16 15:32:18 com_github_MitjaNemec_ReplicateLayout.replicate_layout 985:Src text UUid:215285df-738f-4579-8a4e-afec13a01652
01-16 15:32:18 com_github_MitjaNemec_ReplicateLayout.replicate_layout 986:Dst text UUid:5d4f75a9-c265-407b-9cde-1cfced9a891b
01-16 15:32:18 com_github_MitjaNemec_ReplicateLayout.replicate_layout 985:Src text UUid:7cac89a5-b1e7-449c-9854-efef193b0534
01-16 15:32:18 com_github_MitjaNemec_ReplicateLayout.replicate_layout 986:Dst text UUid:7d6d7412-d6a5-4181-ad4c-531ea3465ad7
01-16 15:32:18 com_github_MitjaNemec_ReplicateLayout.replicate_layout 985:Src text UUid:02d2b9c6-4662-4073-8c61-3c189114be75
01-16 15:32:18 com_github_MitjaNemec_ReplicateLayout.replicate_layout 986:Dst text UUid:809184fd-5397-4f5d-86c0-038a19d97fe9
01-16 15:32:18 com_github_MitjaNemec_ReplicateLayout.replicate_layout 985:Src text UUid:84e8ed34-4b39-43de-bbfa-8e19bd832f56
01-16 15:32:18 com_github_MitjaNemec_ReplicateLayout.replicate_layout 986:Dst text UUid:8e9229de-34f2-4193-8136-b556a04f5e2f
01-16 15:32:18 com_github_MitjaNemec_ReplicateLayout.replicate_layout 985:Src text UUid:2d889c3a-db76-4724-a8e1-52cc2b0e9ded
01-16 15:32:18 com_github_MitjaNemec_ReplicateLayout.replicate_layout 986:Dst text UUid:04d793e9-dde3-4758-b96c-6984fec142fd
01-16 15:32:18 root 332:updating GUI message: 'Replicating tracks'
01-16 15:32:18 com_github_MitjaNemec_ReplicateLayout.replicate_layout 1009:Replicating tracks
01-16 15:32:18 com_github_MitjaNemec_ReplicateLayout.replicate_layout 1015:Replicating tracks on sheet ['Coil Driver', 'I2C Single Protection']
01-16 15:32:18 com_github_MitjaNemec_ReplicateLayout.replicate_layout 776:Significant difference between src net: ['', 'Solar Charger', 'I2C Single Protection4', 'DEVICE'] and dst net: ['', 'Coil Driver', 'SCL_M'], with src_net_depth=4, dst_net_depth=3, src_fp_depth=2, dst_fp_depth=2, match level 0.70
01-16 15:32:18 com_github_MitjaNemec_ReplicateLayout.replicate_layout 776:Significant difference between src net: ['', 'Solar Charger', 'I2C Single Protection4', 'DEVICE'] and dst net: ['', 'Coil Driver', 'SCL_M'], with src_net_depth=4, dst_net_depth=3, src_fp_depth=2, dst_fp_depth=2, match level 0.70
01-16 15:32:18 com_github_MitjaNemec_ReplicateLayout.replicate_layout 776:Significant difference between src net: ['', 'Solar Charger', 'I2C Single Protection4', 'DEVICE'] and dst net: ['', 'Coil Driver', 'SCL_M'], with src_net_depth=4, dst_net_depth=3, src_fp_depth=2, dst_fp_depth=2, match level 0.70
01-16 15:32:18 com_github_MitjaNemec_ReplicateLayout.replicate_layout 776:Significant difference between src net: ['', 'Solar Charger', 'I2C Single Protection4', 'DEVICE'] and dst net: ['', 'Coil Driver', 'SCL_M'], with src_net_depth=4, dst_net_depth=3, src_fp_depth=2, dst_fp_depth=2, match level 0.70
01-16 15:32:18 com_github_MitjaNemec_ReplicateLayout.replicate_layout 776:Significant difference between src net: ['', 'Solar Charger', 'I2C Single Protection4', 'DEVICE'] and dst net: ['', 'Coil Driver', 'SCL_M'], with src_net_depth=4, dst_net_depth=3, src_fp_depth=2, dst_fp_depth=2, match level 0.70
01-16 15:32:18 com_github_MitjaNemec_ReplicateLayout.replicate_layout 792:Net pairs for sheet ['Coil Driver', 'I2C Single Protection'] :[('MAIN_3V3', 'MAIN_3V3'), ('Net-(Q23B-G1)', 'Net-(Q7B-G1)'), ('SDA', 'SCL'), ('GND', 'GND'), ('/Solar Charger/I2C Single Protection4/DEVICE', '/Coil Driver/SCL_M'), ('Net-(Q23A-D1)', 'Net-(Q7A-D1)'), ('Net-(Q24A-B1)', 'Net-(Q8A-B1)'), ('Net-(Q23A-G2)', 'Net-(Q7A-G2)')]
01-16 15:32:18 com_github_MitjaNemec_ReplicateLayout.replicate_layout 1015:Replicating tracks on sheet ['Coil Driver', 'I2C Single Protection1']
01-16 15:32:18 com_github_MitjaNemec_ReplicateLayout.replicate_layout 776:Significant difference between src net: ['', 'Solar Charger', 'I2C Single Protection4', 'DEVICE'] and dst net: ['', 'Coil Driver', 'SDA_M'], with src_net_depth=4, dst_net_depth=3, src_fp_depth=2, dst_fp_depth=2, match level 0.67
01-16 15:32:18 com_github_MitjaNemec_ReplicateLayout.replicate_layout 776:Significant difference between src net: ['', 'Solar Charger', 'I2C Single Protection4', 'DEVICE'] and dst net: ['', 'Coil Driver', 'SDA_M'], with src_net_depth=4, dst_net_depth=3, src_fp_depth=2, dst_fp_depth=2, match level 0.67
01-16 15:32:18 com_github_MitjaNemec_ReplicateLayout.replicate_layout 776:Significant difference between src net: ['', 'Solar Charger', 'I2C Single Protection4', 'DEVICE'] and dst net: ['', 'Coil Driver', 'SDA_M'], with src_net_depth=4, dst_net_depth=3, src_fp_depth=2, dst_fp_depth=2, match level 0.67
01-16 15:32:18 com_github_MitjaNemec_ReplicateLayout.replicate_layout 776:Significant difference between src net: ['', 'Solar Charger', 'I2C Single Protection4', 'DEVICE'] and dst net: ['', 'Coil Driver', 'SDA_M'], with src_net_depth=4, dst_net_depth=3, src_fp_depth=2, dst_fp_depth=2, match level 0.67
01-16 15:32:18 com_github_MitjaNemec_ReplicateLayout.replicate_layout 776:Significant difference between src net: ['', 'Solar Charger', 'I2C Single Protection4', 'DEVICE'] and dst net: ['', 'Coil Driver', 'SDA_M'], with src_net_depth=4, dst_net_depth=3, src_fp_depth=2, dst_fp_depth=2, match level 0.67
01-16 15:32:18 com_github_MitjaNemec_ReplicateLayout.replicate_layout 792:Net pairs for sheet ['Coil Driver', 'I2C Single Protection1'] :[('MAIN_3V3', 'MAIN_3V3'), ('Net-(Q23A-D1)', 'Net-(Q17A-D1)'), ('Net-(Q23A-G2)', 'Net-(Q17A-G2)'), ('/Solar Charger/I2C Single Protection4/DEVICE', '/Coil Driver/SDA_M'), ('GND', 'GND'), ('Net-(Q23B-G1)', 'Net-(Q17B-G1)'), ('SDA', 'SDA'), ('Net-(Q24A-B1)', 'Net-(Q18A-B1)')]
01-16 15:32:18 root 337:updating GUI with: 40
01-16 15:32:18 com_github_MitjaNemec_ReplicateLayout.replicate_layout 1015:Replicating tracks on sheet ['Light Sensor', 'I2C Single Protection2']
01-16 15:32:18 com_github_MitjaNemec_ReplicateLayout.replicate_layout 776:Significant difference between src net: ['MAIN_3V3'] and dst net: ['', 'Light Sensor', 'LS_3V3'], with src_net_depth=1, dst_net_depth=3, src_fp_depth=2, dst_fp_depth=2, match level 0.57
01-16 15:32:18 com_github_MitjaNemec_ReplicateLayout.replicate_layout 776:Significant difference between src net: ['MAIN_3V3'] and dst net: ['', 'Light Sensor', 'LS_3V3'], with src_net_depth=1, dst_net_depth=3, src_fp_depth=2, dst_fp_depth=2, match level 0.57
01-16 15:32:18 com_github_MitjaNemec_ReplicateLayout.replicate_layout 776:Significant difference between src net: ['MAIN_3V3'] and dst net: ['', 'Light Sensor', 'LS_3V3'], with src_net_depth=1, dst_net_depth=3, src_fp_depth=2, dst_fp_depth=2, match level 0.57
01-16 15:32:18 com_github_MitjaNemec_ReplicateLayout.replicate_layout 776:Significant difference between src net: ['', 'Solar Charger', 'I2C Single Protection4', 'DEVICE'] and dst net: ['', 'Light Sensor', 'SDA_LS'], with src_net_depth=4, dst_net_depth=3, src_fp_depth=2, dst_fp_depth=2, match level 0.61
01-16 15:32:18 com_github_MitjaNemec_ReplicateLayout.replicate_layout 776:Significant difference between src net: ['', 'Solar Charger', 'I2C Single Protection4', 'DEVICE'] and dst net: ['', 'Light Sensor', 'SDA_LS'], with src_net_depth=4, dst_net_depth=3, src_fp_depth=2, dst_fp_depth=2, match level 0.61
01-16 15:32:18 com_github_MitjaNemec_ReplicateLayout.replicate_layout 776:Significant difference between src net: ['', 'Solar Charger', 'I2C Single Protection4', 'DEVICE'] and dst net: ['', 'Light Sensor', 'SDA_LS'], with src_net_depth=4, dst_net_depth=3, src_fp_depth=2, dst_fp_depth=2, match level 0.61
01-16 15:32:18 com_github_MitjaNemec_ReplicateLayout.replicate_layout 776:Significant difference between src net: ['', 'Solar Charger', 'I2C Single Protection4', 'DEVICE'] and dst net: ['', 'Light Sensor', 'SDA_LS'], with src_net_depth=4, dst_net_depth=3, src_fp_depth=2, dst_fp_depth=2, match level 0.61
01-16 15:32:18 com_github_MitjaNemec_ReplicateLayout.replicate_layout 776:Significant difference between src net: ['', 'Solar Charger', 'I2C Single Protection4', 'DEVICE'] and dst net: ['', 'Light Sensor', 'SDA_LS'], with src_net_depth=4, dst_net_depth=3, src_fp_depth=2, dst_fp_depth=2, match level 0.61
01-16 15:32:18 com_github_MitjaNemec_ReplicateLayout.replicate_layout 792:Net pairs for sheet ['Light Sensor', 'I2C Single Protection2'] :[('Net-(Q24A-B1)', 'Net-(Q20A-B1)'), ('Net-(Q23B-G1)', 'Net-(Q19B-G1)'), ('GND', 'GND'), ('Net-(Q23A-G2)', 'Net-(Q19A-G2)'), ('SDA', 'SDA'), ('MAIN_3V3', '/Light Sensor/LS_3V3'), ('Net-(Q23A-D1)', 'Net-(Q19A-D1)'), ('/Solar Charger/I2C Single Protection4/DEVICE', '/Light Sensor/SDA_LS')]
01-16 15:32:18 com_github_MitjaNemec_ReplicateLayout.replicate_layout 1015:Replicating tracks on sheet ['Light Sensor', 'I2C Single Protection3']
01-16 15:32:18 com_github_MitjaNemec_ReplicateLayout.replicate_layout 776:Significant difference between src net: ['', 'Solar Charger', 'I2C Single Protection4', 'DEVICE'] and dst net: ['', 'Light Sensor', 'SCL_LS'], with src_net_depth=4, dst_net_depth=3, src_fp_depth=2, dst_fp_depth=2, match level 0.64
01-16 15:32:18 com_github_MitjaNemec_ReplicateLayout.replicate_layout 776:Significant difference between src net: ['', 'Solar Charger', 'I2C Single Protection4', 'DEVICE'] and dst net: ['', 'Light Sensor', 'SCL_LS'], with src_net_depth=4, dst_net_depth=3, src_fp_depth=2, dst_fp_depth=2, match level 0.64
01-16 15:32:18 com_github_MitjaNemec_ReplicateLayout.replicate_layout 776:Significant difference between src net: ['', 'Solar Charger', 'I2C Single Protection4', 'DEVICE'] and dst net: ['', 'Light Sensor', 'SCL_LS'], with src_net_depth=4, dst_net_depth=3, src_fp_depth=2, dst_fp_depth=2, match level 0.64
01-16 15:32:18 com_github_MitjaNemec_ReplicateLayout.replicate_layout 776:Significant difference between src net: ['MAIN_3V3'] and dst net: ['', 'Light Sensor', 'LS_3V3'], with src_net_depth=1, dst_net_depth=3, src_fp_depth=2, dst_fp_depth=2, match level 0.57
01-16 15:32:18 com_github_MitjaNemec_ReplicateLayout.replicate_layout 776:Significant difference between src net: ['MAIN_3V3'] and dst net: ['', 'Light Sensor', 'LS_3V3'], with src_net_depth=1, dst_net_depth=3, src_fp_depth=2, dst_fp_depth=2, match level 0.57
01-16 15:32:18 com_github_MitjaNemec_ReplicateLayout.replicate_layout 776:Significant difference between src net: ['', 'Solar Charger', 'I2C Single Protection4', 'DEVICE'] and dst net: ['', 'Light Sensor', 'SCL_LS'], with src_net_depth=4, dst_net_depth=3, src_fp_depth=2, dst_fp_depth=2, match level 0.64
01-16 15:32:18 com_github_MitjaNemec_ReplicateLayout.replicate_layout 776:Significant difference between src net: ['MAIN_3V3'] and dst net: ['', 'Light Sensor', 'LS_3V3'], with src_net_depth=1, dst_net_depth=3, src_fp_depth=2, dst_fp_depth=2, match level 0.57
01-16 15:32:18 com_github_MitjaNemec_ReplicateLayout.replicate_layout 776:Significant difference between src net: ['', 'Solar Charger', 'I2C Single Protection4', 'DEVICE'] and dst net: ['', 'Light Sensor', 'SCL_LS'], with src_net_depth=4, dst_net_depth=3, src_fp_depth=2, dst_fp_depth=2, match level 0.64
01-16 15:32:18 com_github_MitjaNemec_ReplicateLayout.replicate_layout 792:Net pairs for sheet ['Light Sensor', 'I2C Single Protection3'] :[('Net-(Q23B-G1)', 'Net-(Q21B-G1)'), ('SDA', 'SCL'), ('Net-(Q23A-G2)', 'Net-(Q21A-G2)'), ('GND', 'GND'), ('Net-(Q24A-B1)', 'Net-(Q22A-B1)'), ('MAIN_3V3', '/Light Sensor/LS_3V3'), ('/Solar Charger/I2C Single Protection4/DEVICE', '/Light Sensor/SCL_LS'), ('Net-(Q23A-D1)', 'Net-(Q21A-D1)')]
01-16 15:32:18 com_github_MitjaNemec_ReplicateLayout.replicate_layout 1015:Replicating tracks on sheet ['Solar Charger', 'I2C Single Protection5']
01-16 15:32:18 com_github_MitjaNemec_ReplicateLayout.replicate_layout 792:Net pairs for sheet ['Solar Charger', 'I2C Single Protection5'] :[('MAIN_3V3', 'MAIN_3V3'), ('Net-(Q23A-D1)', 'Net-(Q25A-D1)'), ('SDA', 'SCL'), ('GND', 'GND'), ('Net-(Q23A-G2)', 'Net-(Q25A-G2)'), ('/Solar Charger/I2C Single Protection4/DEVICE', '/Solar Charger/I2C Single Protection5/DEVICE'), ('Net-(Q23B-G1)', 'Net-(Q25B-G1)'), ('Net-(Q24A-B1)', 'Net-(Q26A-B1)')]
01-16 15:32:18 root 337:updating GUI with: 80
01-16 15:32:18 root 332:updating GUI message: 'Replicating zones'
01-16 15:32:18 com_github_MitjaNemec_ReplicateLayout.replicate_layout 1079:Replicating zones
01-16 15:32:18 com_github_MitjaNemec_ReplicateLayout.replicate_layout 1086:Replicating zones on sheet ['Coil Driver', 'I2C Single Protection']
01-16 15:32:18 com_github_MitjaNemec_ReplicateLayout.replicate_layout 776:Significant difference between src net: ['', 'Solar Charger', 'I2C Single Protection4', 'DEVICE'] and dst net: ['', 'Coil Driver', 'SCL_M'], with src_net_depth=4, dst_net_depth=3, src_fp_depth=2, dst_fp_depth=2, match level 0.70
01-16 15:32:18 com_github_MitjaNemec_ReplicateLayout.replicate_layout 776:Significant difference between src net: ['', 'Solar Charger', 'I2C Single Protection4', 'DEVICE'] and dst net: ['', 'Coil Driver', 'SCL_M'], with src_net_depth=4, dst_net_depth=3, src_fp_depth=2, dst_fp_depth=2, match level 0.70
01-16 15:32:18 com_github_MitjaNemec_ReplicateLayout.replicate_layout 776:Significant difference between src net: ['', 'Solar Charger', 'I2C Single Protection4', 'DEVICE'] and dst net: ['', 'Coil Driver', 'SCL_M'], with src_net_depth=4, dst_net_depth=3, src_fp_depth=2, dst_fp_depth=2, match level 0.70
01-16 15:32:18 com_github_MitjaNemec_ReplicateLayout.replicate_layout 776:Significant difference between src net: ['', 'Solar Charger', 'I2C Single Protection4', 'DEVICE'] and dst net: ['', 'Coil Driver', 'SCL_M'], with src_net_depth=4, dst_net_depth=3, src_fp_depth=2, dst_fp_depth=2, match level 0.70
01-16 15:32:18 com_github_MitjaNemec_ReplicateLayout.replicate_layout 776:Significant difference between src net: ['', 'Solar Charger', 'I2C Single Protection4', 'DEVICE'] and dst net: ['', 'Coil Driver', 'SCL_M'], with src_net_depth=4, dst_net_depth=3, src_fp_depth=2, dst_fp_depth=2, match level 0.70
01-16 15:32:18 com_github_MitjaNemec_ReplicateLayout.replicate_layout 792:Net pairs for sheet ['Coil Driver', 'I2C Single Protection'] :[('MAIN_3V3', 'MAIN_3V3'), ('Net-(Q23B-G1)', 'Net-(Q7B-G1)'), ('SDA', 'SCL'), ('GND', 'GND'), ('/Solar Charger/I2C Single Protection4/DEVICE', '/Coil Driver/SCL_M'), ('Net-(Q23A-D1)', 'Net-(Q7A-D1)'), ('Net-(Q24A-B1)', 'Net-(Q8A-B1)'), ('Net-(Q23A-G2)', 'Net-(Q7A-G2)')]
01-16 15:32:18 com_github_MitjaNemec_ReplicateLayout.replicate_layout 1086:Replicating zones on sheet ['Coil Driver', 'I2C Single Protection1']
01-16 15:32:18 com_github_MitjaNemec_ReplicateLayout.replicate_layout 776:Significant difference between src net: ['', 'Solar Charger', 'I2C Single Protection4', 'DEVICE'] and dst net: ['', 'Coil Driver', 'SDA_M'], with src_net_depth=4, dst_net_depth=3, src_fp_depth=2, dst_fp_depth=2, match level 0.67
01-16 15:32:18 com_github_MitjaNemec_ReplicateLayout.replicate_layout 776:Significant difference between src net: ['', 'Solar Charger', 'I2C Single Protection4', 'DEVICE'] and dst net: ['', 'Coil Driver', 'SDA_M'], with src_net_depth=4, dst_net_depth=3, src_fp_depth=2, dst_fp_depth=2, match level 0.67
01-16 15:32:18 com_github_MitjaNemec_ReplicateLayout.replicate_layout 776:Significant difference between src net: ['', 'Solar Charger', 'I2C Single Protection4', 'DEVICE'] and dst net: ['', 'Coil Driver', 'SDA_M'], with src_net_depth=4, dst_net_depth=3, src_fp_depth=2, dst_fp_depth=2, match level 0.67
01-16 15:32:18 com_github_MitjaNemec_ReplicateLayout.replicate_layout 776:Significant difference between src net: ['', 'Solar Charger', 'I2C Single Protection4', 'DEVICE'] and dst net: ['', 'Coil Driver', 'SDA_M'], with src_net_depth=4, dst_net_depth=3, src_fp_depth=2, dst_fp_depth=2, match level 0.67
01-16 15:32:18 com_github_MitjaNemec_ReplicateLayout.replicate_layout 776:Significant difference between src net: ['', 'Solar Charger', 'I2C Single Protection4', 'DEVICE'] and dst net: ['', 'Coil Driver', 'SDA_M'], with src_net_depth=4, dst_net_depth=3, src_fp_depth=2, dst_fp_depth=2, match level 0.67
01-16 15:32:18 com_github_MitjaNemec_ReplicateLayout.replicate_layout 792:Net pairs for sheet ['Coil Driver', 'I2C Single Protection1'] :[('MAIN_3V3', 'MAIN_3V3'), ('Net-(Q23A-D1)', 'Net-(Q17A-D1)'), ('Net-(Q23A-G2)', 'Net-(Q17A-G2)'), ('/Solar Charger/I2C Single Protection4/DEVICE', '/Coil Driver/SDA_M'), ('GND', 'GND'), ('Net-(Q23B-G1)', 'Net-(Q17B-G1)'), ('SDA', 'SDA'), ('Net-(Q24A-B1)', 'Net-(Q18A-B1)')]
01-16 15:32:18 com_github_MitjaNemec_ReplicateLayout.replicate_layout 1086:Replicating zones on sheet ['Light Sensor', 'I2C Single Protection2']
01-16 15:32:18 com_github_MitjaNemec_ReplicateLayout.replicate_layout 776:Significant difference between src net: ['MAIN_3V3'] and dst net: ['', 'Light Sensor', 'LS_3V3'], with src_net_depth=1, dst_net_depth=3, src_fp_depth=2, dst_fp_depth=2, match level 0.57
01-16 15:32:18 com_github_MitjaNemec_ReplicateLayout.replicate_layout 776:Significant difference between src net: ['MAIN_3V3'] and dst net: ['', 'Light Sensor', 'LS_3V3'], with src_net_depth=1, dst_net_depth=3, src_fp_depth=2, dst_fp_depth=2, match level 0.57
01-16 15:32:18 com_github_MitjaNemec_ReplicateLayout.replicate_layout 776:Significant difference between src net: ['MAIN_3V3'] and dst net: ['', 'Light Sensor', 'LS_3V3'], with src_net_depth=1, dst_net_depth=3, src_fp_depth=2, dst_fp_depth=2, match level 0.57
01-16 15:32:18 com_github_MitjaNemec_ReplicateLayout.replicate_layout 776:Significant difference between src net: ['', 'Solar Charger', 'I2C Single Protection4', 'DEVICE'] and dst net: ['', 'Light Sensor', 'SDA_LS'], with src_net_depth=4, dst_net_depth=3, src_fp_depth=2, dst_fp_depth=2, match level 0.61
01-16 15:32:18 com_github_MitjaNemec_ReplicateLayout.replicate_layout 776:Significant difference between src net: ['', 'Solar Charger', 'I2C Single Protection4', 'DEVICE'] and dst net: ['', 'Light Sensor', 'SDA_LS'], with src_net_depth=4, dst_net_depth=3, src_fp_depth=2, dst_fp_depth=2, match level 0.61
01-16 15:32:18 com_github_MitjaNemec_ReplicateLayout.replicate_layout 776:Significant difference between src net: ['', 'Solar Charger', 'I2C Single Protection4', 'DEVICE'] and dst net: ['', 'Light Sensor', 'SDA_LS'], with src_net_depth=4, dst_net_depth=3, src_fp_depth=2, dst_fp_depth=2, match level 0.61
01-16 15:32:18 com_github_MitjaNemec_ReplicateLayout.replicate_layout 776:Significant difference between src net: ['', 'Solar Charger', 'I2C Single Protection4', 'DEVICE'] and dst net: ['', 'Light Sensor', 'SDA_LS'], with src_net_depth=4, dst_net_depth=3, src_fp_depth=2, dst_fp_depth=2, match level 0.61
01-16 15:32:18 com_github_MitjaNemec_ReplicateLayout.replicate_layout 776:Significant difference between src net: ['', 'Solar Charger', 'I2C Single Protection4', 'DEVICE'] and dst net: ['', 'Light Sensor', 'SDA_LS'], with src_net_depth=4, dst_net_depth=3, src_fp_depth=2, dst_fp_depth=2, match level 0.61
01-16 15:32:18 com_github_MitjaNemec_ReplicateLayout.replicate_layout 792:Net pairs for sheet ['Light Sensor', 'I2C Single Protection2'] :[('Net-(Q24A-B1)', 'Net-(Q20A-B1)'), ('Net-(Q23B-G1)', 'Net-(Q19B-G1)'), ('GND', 'GND'), ('Net-(Q23A-G2)', 'Net-(Q19A-G2)'), ('SDA', 'SDA'), ('MAIN_3V3', '/Light Sensor/LS_3V3'), ('Net-(Q23A-D1)', 'Net-(Q19A-D1)'), ('/Solar Charger/I2C Single Protection4/DEVICE', '/Light Sensor/SDA_LS')]
01-16 15:32:18 com_github_MitjaNemec_ReplicateLayout.replicate_layout 1086:Replicating zones on sheet ['Light Sensor', 'I2C Single Protection3']
01-16 15:32:18 com_github_MitjaNemec_ReplicateLayout.replicate_layout 776:Significant difference between src net: ['', 'Solar Charger', 'I2C Single Protection4', 'DEVICE'] and dst net: ['', 'Light Sensor', 'SCL_LS'], with src_net_depth=4, dst_net_depth=3, src_fp_depth=2, dst_fp_depth=2, match level 0.64
01-16 15:32:18 com_github_MitjaNemec_ReplicateLayout.replicate_layout 776:Significant difference between src net: ['', 'Solar Charger', 'I2C Single Protection4', 'DEVICE'] and dst net: ['', 'Light Sensor', 'SCL_LS'], with src_net_depth=4, dst_net_depth=3, src_fp_depth=2, dst_fp_depth=2, match level 0.64
01-16 15:32:18 com_github_MitjaNemec_ReplicateLayout.replicate_layout 776:Significant difference between src net: ['', 'Solar Charger', 'I2C Single Protection4', 'DEVICE'] and dst net: ['', 'Light Sensor', 'SCL_LS'], with src_net_depth=4, dst_net_depth=3, src_fp_depth=2, dst_fp_depth=2, match level 0.64
01-16 15:32:18 com_github_MitjaNemec_ReplicateLayout.replicate_layout 776:Significant difference between src net: ['MAIN_3V3'] and dst net: ['', 'Light Sensor', 'LS_3V3'], with src_net_depth=1, dst_net_depth=3, src_fp_depth=2, dst_fp_depth=2, match level 0.57
01-16 15:32:18 com_github_MitjaNemec_ReplicateLayout.replicate_layout 776:Significant difference between src net: ['MAIN_3V3'] and dst net: ['', 'Light Sensor', 'LS_3V3'], with src_net_depth=1, dst_net_depth=3, src_fp_depth=2, dst_fp_depth=2, match level 0.57
01-16 15:32:18 com_github_MitjaNemec_ReplicateLayout.replicate_layout 776:Significant difference between src net: ['', 'Solar Charger', 'I2C Single Protection4', 'DEVICE'] and dst net: ['', 'Light Sensor', 'SCL_LS'], with src_net_depth=4, dst_net_depth=3, src_fp_depth=2, dst_fp_depth=2, match level 0.64
01-16 15:32:18 com_github_MitjaNemec_ReplicateLayout.replicate_layout 776:Significant difference between src net: ['MAIN_3V3'] and dst net: ['', 'Light Sensor', 'LS_3V3'], with src_net_depth=1, dst_net_depth=3, src_fp_depth=2, dst_fp_depth=2, match level 0.57
01-16 15:32:18 com_github_MitjaNemec_ReplicateLayout.replicate_layout 776:Significant difference between src net: ['', 'Solar Charger', 'I2C Single Protection4', 'DEVICE'] and dst net: ['', 'Light Sensor', 'SCL_LS'], with src_net_depth=4, dst_net_depth=3, src_fp_depth=2, dst_fp_depth=2, match level 0.64
01-16 15:32:18 com_github_MitjaNemec_ReplicateLayout.replicate_layout 792:Net pairs for sheet ['Light Sensor', 'I2C Single Protection3'] :[('Net-(Q23B-G1)', 'Net-(Q21B-G1)'), ('SDA', 'SCL'), ('Net-(Q23A-G2)', 'Net-(Q21A-G2)'), ('GND', 'GND'), ('Net-(Q24A-B1)', 'Net-(Q22A-B1)'), ('MAIN_3V3', '/Light Sensor/LS_3V3'), ('/Solar Charger/I2C Single Protection4/DEVICE', '/Light Sensor/SCL_LS'), ('Net-(Q23A-D1)', 'Net-(Q21A-D1)')]
01-16 15:32:18 com_github_MitjaNemec_ReplicateLayout.replicate_layout 1086:Replicating zones on sheet ['Solar Charger', 'I2C Single Protection5']
01-16 15:32:18 com_github_MitjaNemec_ReplicateLayout.replicate_layout 792:Net pairs for sheet ['Solar Charger', 'I2C Single Protection5'] :[('MAIN_3V3', 'MAIN_3V3'), ('Net-(Q23A-D1)', 'Net-(Q25A-D1)'), ('SDA', 'SCL'), ('GND', 'GND'), ('Net-(Q23A-G2)', 'Net-(Q25A-G2)'), ('/Solar Charger/I2C Single Protection4/DEVICE', '/Solar Charger/I2C Single Protection5/DEVICE'), ('Net-(Q23B-G1)', 'Net-(Q25B-G1)'), ('Net-(Q24A-B1)', 'Net-(Q26A-B1)')]
01-16 15:32:19 com_github_MitjaNemec_ReplicateLayout.action_replicate_layout 256:Replication complete
01-16 15:32:19 com_github_MitjaNemec_ReplicateLayout.action_replicate_layout 259:Letting the user know there are some issues with replicated design
01-16 15:32:19 com_github_MitjaNemec_ReplicateLayout.action_replicate_layout 263:Looks like the design has an exotic connectivity that the plugin might not handle properly
 Make sure that you check the connectivity around:
Footprint R122, pad 1
Footprint R116, pad 1
Footprint R119, pad 1
Footprint R122, pad 2
Footprint R116, pad 2
Footprint R101, pad 1
Footprint R87, pad 2
Footprint Q18, pad 6
Footprint R107, pad 1
Footprint Q18, pad 4
Footprint Q8, pad 6
Footprint R120, pad 1
Footprint R123, pad 1
Footprint R117, pad 1
Footprint Q8, pad 4
Footprint R115, pad 1
Footprint Q22, pad 6
Footprint R100, pad 2
Footprint R95, pad 1
Footprint R114, pad 1
Footprint Q20, pad 6
Footprint R121, pad 1
Footprint Q22, pad 4
Footprint R98, pad 1
Footprint R94, pad 1
Footprint Q20, pad 4

